{"stats":{"suites":3,"tests":3,"passes":2,"pending":1,"failures":0,"start":"2019-05-29T05:54:12.441Z","end":"2019-05-29T05:54:55.694Z","duration":43253,"testsRegistered":3,"passPercent":67,"pendingPercent":33,"other":0,"hasOther":false,"skipped":0,"hasSkipped":false,"passPercentClass":"success","pendingPercentClass":"danger"},"suites":{"title":"","suites":[{"title":"Add/Remove page functionality (chrome)","suites":[],"tests":[{"title":"should able to add and remove elements","fullTitle":"should able to add and remove elements","timedOut":false,"duration":24993,"speed":"fast","pass":true,"fail":false,"pending":false,"code":"","isRoot":false,"uuid":"d6cb7b09-766f-463b-b811-e35ff206638e","parentUUID":"4ac05629-260e-4db7-a3e5-23ae2d2f7ef8","skipped":false,"isHook":false,"context":"[{\"title\":\"Session Id\",\"value\":\"1067128dc25629284377598fe40ac977\"}]","state":"passed","err":{}}],"pending":[],"root":false,"fullFile":"","file":"","passes":["d6cb7b09-766f-463b-b811-e35ff206638e"],"failures":[],"skipped":[],"duration":24995,"_timeout":0,"uuid":"4ac05629-260e-4db7-a3e5-23ae2d2f7ef8","beforeHooks":[],"afterHooks":[]},{"title":"Login page functionality (chrome)","suites":[],"tests":[{"title":"should able to login successfully","fullTitle":"should able to login successfully","timedOut":false,"duration":0,"speed":"fast","pass":false,"fail":false,"pending":true,"code":"","isRoot":false,"uuid":"a5e665b3-5284-40f9-a64f-e4b9957172cc","parentUUID":"feb1adea-d584-47f1-88cc-64b19a67e6a0","skipped":true,"isHook":false,"context":"[{\"title\":\"Session Id\",\"value\":\"c745141aac139c44a35427bcc4eff276\"}]","err":{}}],"pending":["a5e665b3-5284-40f9-a64f-e4b9957172cc"],"root":false,"fullFile":"","file":"","passes":[],"failures":[],"skipped":[],"duration":1,"_timeout":0,"uuid":"feb1adea-d584-47f1-88cc-64b19a67e6a0","beforeHooks":[],"afterHooks":[]},{"title":"Drop Down page functionality (chrome)","suites":[],"tests":[{"title":"should able to select drop down value","fullTitle":"should able to select drop down value","timedOut":false,"duration":18475,"speed":"fast","pass":true,"fail":false,"pending":false,"code":"","isRoot":false,"uuid":"5d0a2791-3bb1-4971-8770-2c3fff65cf6c","parentUUID":"5414c0c4-b53b-4cb1-88d5-f0292e001078","skipped":false,"isHook":false,"context":"[{\"title\":\"Session Id\",\"value\":\"b2e997d0bfd5c88658be3c67a4659e9b\"}]","state":"passed","err":{}}],"pending":[],"root":false,"fullFile":"","file":"","passes":["5d0a2791-3bb1-4971-8770-2c3fff65cf6c"],"failures":[],"skipped":[],"duration":18476,"_timeout":0,"uuid":"5414c0c4-b53b-4cb1-88d5-f0292e001078","beforeHooks":[],"afterHooks":[]}],"tests":[],"pending":[],"root":true,"fullFile":"","file":"","passes":[],"failures":[],"skipped":[],"duration":0,"_timeout":0,"uuid":"44453922-c79d-4538-bdf9-421c69294b16","beforeHooks":[],"afterHooks":[]},"copyrightYear":2019}